Arguments: 
  C:\Program Files\nodejs\node.exe C:\Users\srand\AppData\Roaming\npm\node_modules\yarn\bin\yarn.js start

PATH: 
  C:\Users\srand\bin;C:\Program Files\Git\mingw64\bin;C:\Program Files\Git\usr\local\bin;C:\Program Files\Git\usr\bin;C:\Program Files\Git\usr\bin;C:\Program Files\Git\mingw64\bin;C:\Program Files\Git\usr\bin;C:\Users\srand\bin;C:\WINDOWS\system32;C:\WINDOWS;C:\WINDOWS\System32\Wbem;C:\WINDOWS\System32\WindowsPowerShell\v1.0;C:\Program Files\MongoDB\Server\3.6\bin;C:\Program Files\dotnet;C:\Program Files\Microsoft SQL Server\130\Tools\Binn;C:\WINDOWS\System32\OpenSSH;C:\Program Files\Microsoft VS Code\bin;C:\Program Files\nodejs;C:\Users\srand\AppData\Local\Programs\Python\Python37-32\Scripts;C:\Users\srand\AppData\Local\Programs\Python\Python37-32;C:\Program Files\Heroku\bin;C:\Users\srand\AppData\Local\Microsoft\WindowsApps;C:\Program Files\Microsoft VS Code\bin;C:\Users\srand\AppData\Roaming\npm;C:\Program Files\Git\usr\bin\vendor_perl;C:\Program Files\Git\usr\bin\core_perl

Yarn version: 
  1.5.1

Node version: 
  8.12.0

Platform: 
  win32 x64

npm manifest: 
  No manifest

yarn manifest: 
  No manifest

Lockfile: 
  No lockfile

Trace: 
  Error: Couldn't find a package.json file in "C:\\Users\\srand\\Desktop\\MyCode\\pureReact\\hello"
      at new MessageError (C:\Users\srand\AppData\Roaming\npm\node_modules\yarn\lib\cli.js:186:110)
      at C:\Users\srand\AppData\Roaming\npm\node_modules\yarn\lib\cli.js:40048:15
      at Generator.next (<anonymous>)
      at step (C:\Users\srand\AppData\Roaming\npm\node_modules\yarn\lib\cli.js:98:30)
      at C:\Users\srand\AppData\Roaming\npm\node_modules\yarn\lib\cli.js:109:13
      at <anonymous>
